2025-07-30T05:12:36.364079-0300 INFO Chamando função 'soma' com args (2, 3) e kwargs {} utils_log.py
2025-07-30T05:12:36.364620-0300 INFO Função 'soma' retornou 5 utils_log.py
2025-07-30T05:12:36.365663-0300 INFO Chamando função 'soma' com args (2, 7) e kwargs {} utils_log.py
2025-07-30T05:12:36.365663-0300 INFO Função 'soma' retornou 9 utils_log.py
2025-07-30T05:14:32.754507-0300 INFO Chamando função 'pipeline_calcular_kpi_de_vendas_consolidado' com args ('data', ['csv', 'parquet']) e kwargs {} utils_log.py
2025-07-30T05:14:32.755517-0300 INFO Chamando função 'extrair_dados_e_consolidar' com args ('data',) e kwargs {} utils_log.py
2025-07-30T05:14:32.830266-0300 INFO Função 'extrair_dados_e_consolidar' retornou             Produto    Categoria  Quantidade  Venda        Data
0    Notebook Gamer  Eletrônicos           3   1500  2023-01-15
1     Mouse Sem Fio  Eletrônicos          10     30  2023-01-15
2  Teclado Mecânico  Eletrônicos           5    100  2023-01-15 utils_log.py
2025-07-30T05:14:32.838811-0300 INFO Chamando função 'calculo_kpi_de_total_de_vendas' com args (            Produto    Categoria  Quantidade  Venda        Data
0    Notebook Gamer  Eletrônicos           3   1500  2023-01-15
1     Mouse Sem Fio  Eletrônicos          10     30  2023-01-15
2  Teclado Mecânico  Eletrônicos           5    100  2023-01-15,) e kwargs {} utils_log.py
2025-07-30T05:14:32.852314-0300 INFO Função 'calculo_kpi_de_total_de_vendas' retornou             Produto    Categoria  Quantidade  Venda        Data  Total
0    Notebook Gamer  Eletrônicos           3   1500  2023-01-15   4500
1     Mouse Sem Fio  Eletrônicos          10     30  2023-01-15    300
2  Teclado Mecânico  Eletrônicos           5    100  2023-01-15    500 utils_log.py
2025-07-30T05:14:32.862799-0300 INFO Chamando função 'carregar_dados' com args (            Produto    Categoria  Quantidade  Venda        Data  Total
0    Notebook Gamer  Eletrônicos           3   1500  2023-01-15   4500
1     Mouse Sem Fio  Eletrônicos          10     30  2023-01-15    300
2  Teclado Mecânico  Eletrônicos           5    100  2023-01-15    500, ['csv', 'parquet']) e kwargs {} utils_log.py
2025-07-30T05:14:32.898359-0300 ERROR Exceção capturada em 'carregar_dados': Unable to find a usable engine; tried using: 'pyarrow', 'fastparquet'.
A suitable version of pyarrow or fastparquet is required for parquet support.
Trying to import the above resulted in these errors:
 - Missing optional dependency 'pyarrow'. pyarrow is required for parquet support. Use pip or conda to install pyarrow.
 - Missing optional dependency 'fastparquet'. fastparquet is required for parquet support. Use pip or conda to install fastparquet. utils_log.py
Traceback (most recent call last):

  File "C:\Users\Lucas\Documents\jornada_projects\bootcamp_python\aula09_bootcamp\pipeline.py", line 8, in <module>
    pipeline_calcular_kpi_de_vendas_consolidado('data', formato_de_saida)
    │                                                   └ ['csv', 'parquet']
    └ <function pipeline_calcular_kpi_de_vendas_consolidado at 0x0000019C87990D60>

  File "C:\Users\Lucas\Documents\jornada_projects\bootcamp_python\aula09_bootcamp\utils_log.py", line 24, in wrapper
    result = func(*args, **kwargs)
             │     │       └ {}
             │     └ ('data', ['csv', 'parquet'])
             └ <function pipeline_calcular_kpi_de_vendas_consolidado at 0x0000019C87979D00>

  File "C:\Users\Lucas\Documents\jornada_projects\bootcamp_python\aula09_bootcamp\etl.py", line 40, in pipeline_calcular_kpi_de_vendas_consolidado
    carregar_dados(data_frame_calculado, formato_de_saida)
    │              │                     └ ['csv', 'parquet']
    │              └             Produto    Categoria  Quantidade  Venda        Data  Total
    │                0    Notebook Gamer  Eletrônicos           3   1500  2...
    └ <function carregar_dados at 0x0000019C87979940>

> File "C:\Users\Lucas\Documents\jornada_projects\bootcamp_python\aula09_bootcamp\utils_log.py", line 24, in wrapper
    result = func(*args, **kwargs)
             │     │       └ {}
             │     └ (            Produto    Categoria  Quantidade  Venda        Data  Total
             │       0    Notebook Gamer  Eletrônicos           3   1500  ...
             └ <function carregar_dados at 0x0000019C879798A0>

  File "C:\Users\Lucas\Documents\jornada_projects\bootcamp_python\aula09_bootcamp\etl.py", line 34, in carregar_dados
    df.to_parquet('dados.parquet', index=False)
    │  └ <function DataFrame.to_parquet at 0x0000019C863D3E20>
    └             Produto    Categoria  Quantidade  Venda        Data  Total
      0    Notebook Gamer  Eletrônicos           3   1500  2...

  File "C:\Users\Lucas\Documents\jornada_projects\bootcamp_python\aula09_bootcamp\.venv\Lib\site-packages\pandas\util\_decorators.py", line 333, in wrapper
    return func(*args, **kwargs)
           │     │       └ {'index': False}
           │     └ (            Produto    Categoria  Quantidade  Venda        Data  Total
           │       0    Notebook Gamer  Eletrônicos           3   1500  ...
           └ <function DataFrame.to_parquet at 0x0000019C863D3CE0>
  File "C:\Users\Lucas\Documents\jornada_projects\bootcamp_python\aula09_bootcamp\.venv\Lib\site-packages\pandas\core\frame.py", line 3118, in to_parquet
    return to_parquet(
           └ <function to_parquet at 0x0000019C87616E80>
  File "C:\Users\Lucas\Documents\jornada_projects\bootcamp_python\aula09_bootcamp\.venv\Lib\site-packages\pandas\io\parquet.py", line 478, in to_parquet
    impl = get_engine(engine)
           │          └ 'auto'
           └ <function get_engine at 0x0000019C875D56C0>
  File "C:\Users\Lucas\Documents\jornada_projects\bootcamp_python\aula09_bootcamp\.venv\Lib\site-packages\pandas\io\parquet.py", line 68, in get_engine
    raise ImportError(

ImportError: Unable to find a usable engine; tried using: 'pyarrow', 'fastparquet'.
A suitable version of pyarrow or fastparquet is required for parquet support.
Trying to import the above resulted in these errors:
 - Missing optional dependency 'pyarrow'. pyarrow is required for parquet support. Use pip or conda to install pyarrow.
 - Missing optional dependency 'fastparquet'. fastparquet is required for parquet support. Use pip or conda to install fastparquet.
2025-07-30T05:14:32.962848-0300 ERROR Exceção capturada em 'pipeline_calcular_kpi_de_vendas_consolidado': Unable to find a usable engine; tried using: 'pyarrow', 'fastparquet'.
A suitable version of pyarrow or fastparquet is required for parquet support.
Trying to import the above resulted in these errors:
 - Missing optional dependency 'pyarrow'. pyarrow is required for parquet support. Use pip or conda to install pyarrow.
 - Missing optional dependency 'fastparquet'. fastparquet is required for parquet support. Use pip or conda to install fastparquet. utils_log.py
Traceback (most recent call last):

  File "C:\Users\Lucas\Documents\jornada_projects\bootcamp_python\aula09_bootcamp\pipeline.py", line 8, in <module>
    pipeline_calcular_kpi_de_vendas_consolidado('data', formato_de_saida)
    │                                                   └ ['csv', 'parquet']
    └ <function pipeline_calcular_kpi_de_vendas_consolidado at 0x0000019C87990D60>

> File "C:\Users\Lucas\Documents\jornada_projects\bootcamp_python\aula09_bootcamp\utils_log.py", line 24, in wrapper
    result = func(*args, **kwargs)
             │     │       └ {}
             │     └ ('data', ['csv', 'parquet'])
             └ <function pipeline_calcular_kpi_de_vendas_consolidado at 0x0000019C87979D00>

  File "C:\Users\Lucas\Documents\jornada_projects\bootcamp_python\aula09_bootcamp\etl.py", line 40, in pipeline_calcular_kpi_de_vendas_consolidado
    carregar_dados(data_frame_calculado, formato_de_saida)
    │              │                     └ ['csv', 'parquet']
    │              └             Produto    Categoria  Quantidade  Venda        Data  Total
    │                0    Notebook Gamer  Eletrônicos           3   1500  2...
    └ <function carregar_dados at 0x0000019C87979940>

  File "C:\Users\Lucas\Documents\jornada_projects\bootcamp_python\aula09_bootcamp\utils_log.py", line 24, in wrapper
    result = func(*args, **kwargs)
             │     │       └ {}
             │     └ (            Produto    Categoria  Quantidade  Venda        Data  Total
             │       0    Notebook Gamer  Eletrônicos           3   1500  ...
             └ <function carregar_dados at 0x0000019C879798A0>

  File "C:\Users\Lucas\Documents\jornada_projects\bootcamp_python\aula09_bootcamp\etl.py", line 34, in carregar_dados
    df.to_parquet('dados.parquet', index=False)
    │  └ <function DataFrame.to_parquet at 0x0000019C863D3E20>
    └             Produto    Categoria  Quantidade  Venda        Data  Total
      0    Notebook Gamer  Eletrônicos           3   1500  2...

  File "C:\Users\Lucas\Documents\jornada_projects\bootcamp_python\aula09_bootcamp\.venv\Lib\site-packages\pandas\util\_decorators.py", line 333, in wrapper
    return func(*args, **kwargs)
           │     │       └ {'index': False}
           │     └ (            Produto    Categoria  Quantidade  Venda        Data  Total
           │       0    Notebook Gamer  Eletrônicos           3   1500  ...
           └ <function DataFrame.to_parquet at 0x0000019C863D3CE0>
  File "C:\Users\Lucas\Documents\jornada_projects\bootcamp_python\aula09_bootcamp\.venv\Lib\site-packages\pandas\core\frame.py", line 3118, in to_parquet
    return to_parquet(
           └ <function to_parquet at 0x0000019C87616E80>
  File "C:\Users\Lucas\Documents\jornada_projects\bootcamp_python\aula09_bootcamp\.venv\Lib\site-packages\pandas\io\parquet.py", line 478, in to_parquet
    impl = get_engine(engine)
           │          └ 'auto'
           └ <function get_engine at 0x0000019C875D56C0>
  File "C:\Users\Lucas\Documents\jornada_projects\bootcamp_python\aula09_bootcamp\.venv\Lib\site-packages\pandas\io\parquet.py", line 68, in get_engine
    raise ImportError(

ImportError: Unable to find a usable engine; tried using: 'pyarrow', 'fastparquet'.
A suitable version of pyarrow or fastparquet is required for parquet support.
Trying to import the above resulted in these errors:
 - Missing optional dependency 'pyarrow'. pyarrow is required for parquet support. Use pip or conda to install pyarrow.
 - Missing optional dependency 'fastparquet'. fastparquet is required for parquet support. Use pip or conda to install fastparquet.
